<?xml version="1.0" encoding="UTF-8"?>
<testsuite xmlns:xsi="http://www.w3.org/2001/XMLSchema-instance" xsi:noNamespaceSchemaLocation="https://maven.apache.org/surefire/maven-surefire-plugin/xsd/surefire-test-report-3.0.xsd" version="3.0" name="com.transportcompany.entity.VehicleTest" time="0.026" tests="10" errors="0" skipped="0" failures="0">
  <properties>
[...]
</properties>
  <testcase name="testToString" classname="com.transportcompany.entity.VehicleTest" time="0.012"/>
  <testcase name="testVehicleTypes" classname="com.transportcompany.entity.VehicleTest" time="0.001"/>
  <testcase name="testSettersAndGetters" classname="com.transportcompany.entity.VehicleTest" time="0.001"/>
  <testcase name="testFullConstructor" classname="com.transportcompany.entity.VehicleTest" time="0.0"/>
  <testcase name="testGetFullDescription_AllFields" classname="com.transportcompany.entity.VehicleTest" time="0.0"/>
  <testcase name="testSimpleConstructor" classname="com.transportcompany.entity.VehicleTest" time="0.001"/>
  <testcase name="testCompanyAssociation" classname="com.transportcompany.entity.VehicleTest" time="0.001"/>
  <testcase name="testGetFullDescription_OnlyTypeAndRegistration" classname="com.transportcompany.entity.VehicleTest" time="0.001"/>
  <testcase name="testGetFullDescription_WithBrandOnly" classname="com.transportcompany.entity.VehicleTest" time="0.0"/>
  <testcase name="testDefaultConstructor" classname="com.transportcompany.entity.VehicleTest" time="0.0"/>
</testsuite>